2022-07-14 11:59:00,505 - WARNING - Unmatched products for Shopee API: 
1. 10 Packet Popcorn Bundle Teh Tarik/Cookies & Creme/Salted Caramel
2. 3 Packet Popcorn Bundle
3. 5 Packet Popcorn Bundle
4. The Kettle Gourmet Salted Caramel Gourmet Popcorn [1 Packet x 90g]
5. 10 Packet Popcorn Bundle
6. The Kettle Gourmet Kaya Butter Toast Family Pack
7. The Kettle Gourmet Salted Caramel Snack Monster
8. The Kettle Gourmet Salted Caramel Family pack
9. The Kettle Gourmet Kaya Butter Toast Snack Monster
10. The Kettle Gourmet Chili Crab Snack Monster
11. The Kettle Gourmet Nasi Lemak Snack Monster
12. The Kettle Gourmet Chocolate Snack Monster
13. The Kettle Gourmet Salted Caramel Family packs
14. The Kettle Gourmet Nasi Lemak Family pack
15. Assorted Singles Bundle
16. Chocolate Snack Monster
17. Kettle Gourmet Crazy Asian Popcorn Flavoured 3-Bundle with Free Shipping
18. Kettle Gourmet Crazy Asian Popcorn Flavoured 6-Bundle with Free Shipping
19. Kaya Butter Toast Family Pack
20. )Free Shipping) Brand New Chicken Floss Popcorn Snack Monster
21. (Free Shipping) Brand New Chicken Floss Popcorn Snack Monster
22. Chicken Floss Family Pack
23. 12 + 2 Bundle Set
24. Joyous Christmas Bundle 1 (3 Gift Boxes of 6)
25. Assorted Singles (Gift Box of 6 Packs)
26. Joyous Christmas Bundles
27. All-Time Classic Favourite (6-pack Set)
28. Kaya Butter Toast (6-pack Set)
29. Salted Caramel (6-pack Set)
30. Chocolate (6-pack Set)
31. Double Happiness Bundle
32. Family Fun Combo
33. CNY Golden Popcorn Gift Box (Assorted Singles of 6 Packs)
34. CNY Golden Popcorn Gift Box Bundles
35. Nasi Lemak (6-pack Set)
36. Kettle Gourmet Crazy Asian Popcorn Flavoured 3-Bundle with FREE SHIPPING
37. The Kettle Gourmet bundle of 12 packs of popcorn with FREE 2 packs perfect for families
38. Kettle Gourmet Crazy Asian Popcorn Flavoured 3-Bundle
39. The Kettle Gourmet Chicken Floss Popcorn (1-pack)
40. Lockdown 2.0 Family Care Package (3-6 pax)
41. Pokemon Gift Box
42. Pulut Hitam (6-Pack Set)
43. Chilli Crab (6-pack Set)
44. The Original Mini Pack Bundle (Assorted Singles of 8 Packs x 30g)
45. The Classic Snack Pack Bundle (Assorted Single of 8 Packs x 65g)
46. Fish Head Curry (6-Pack Set)
47. Assorted Singles (Gift Box of 8 Packs)
48. CNY Mini Gift Box Combos (Assortment of 8 Packs x 30g)
49. Valentine's Day Forever Love Gift Box
50. Kaya Butter Toast (8-pack Set)
51. 20 + 5 Bundle Set (25 Packs x 65g)
52. Salted Caramel (8-pack Set)
53. Savoury Flavours Bundle (8 Packs x 65g)
54. Assorted Singles (8 Packs x 65g)
55. Nasi Lemak (8-pack Set)
56. Fish Head Curry (8-Pack Set)
57. FREE POPCORN Giveaway
58. Kaya Butter Toast Popcorn Family Pack
59. Fish Head Curry Popcorn Family Pack
60. The Original Mini Pack Popcorn Bundle (Assorted Singles of 8 Packs x 30g)
61. Nasi Lemak Popcorn Family Pack
62. Pokemon Popcorn Gift Box
63. Pulut Hitam Popcorn Family Pack
64. Salted Caramel Popcorn Family Pack
65. The Raya Popcorn Bundle
66. Chili Crab Popcorn Family Pack
67. Chicken Floss Popcorn Family Pack
68. The Classic Popcorn Pack Bundle (Assorted Single of 8 Packs x 65g)
69. Chocolate Popcorn (8-pack Set)
70. The Original Mini Pack Popcorn Bundle Box (Assorted Singles of 8 Packs x 30g)
. 

Please check Settings to verify all product inputs.
